c:\users\min chang gyeong\desktop\algorithm_source\algorithm\algorithm\algorithm\debug\algorithm.pch
c:\users\min chang gyeong\desktop\algorithm_source\algorithm\algorithm\algorithm\debug\vc141.pdb
c:\users\min chang gyeong\desktop\algorithm_source\algorithm\algorithm\algorithm\debug\vc141.idb
c:\users\min chang gyeong\desktop\algorithm_source\algorithm\algorithm\algorithm\debug\pch.obj
c:\users\min chang gyeong\desktop\algorithm_source\algorithm\algorithm\algorithm\debug\2468.obj
c:\users\min chang gyeong\desktop\algorithm_source\algorithm\algorithm\algorithm\debug\10816.obj
c:\users\min chang gyeong\desktop\algorithm_source\algorithm\algorithm\algorithm\debug\2309.obj
c:\users\min chang gyeong\desktop\algorithm_source\algorithm\algorithm\debug\algorithm.exe
c:\users\min chang gyeong\desktop\algorithm_source\algorithm\algorithm\debug\algorithm.ilk
c:\users\min chang gyeong\desktop\algorithm_source\algorithm\algorithm\debug\algorithm.pdb
c:\users\min chang gyeong\desktop\algorithm_source\algorithm\algorithm\algorithm\debug\1764.obj
c:\users\min chang gyeong\desktop\algorithm_source\algorithm\algorithm\algorithm\debug\2589.obj
c:\users\min chang gyeong\desktop\algorithm_source\algorithm\algorithm\algorithm\debug\2644.obj
c:\users\min chang gyeong\desktop\algorithm_source\algorithm\algorithm\algorithm\debug\5014.obj
c:\users\min chang gyeong\desktop\algorithm_source\algorithm\algorithm\algorithm\debug\algorithm.obj
c:\users\min chang gyeong\desktop\algorithm_source\algorithm\algorithm\algorithm\debug\2644.obj.enc
c:\users\min chang gyeong\desktop\algorithm_source\algorithm\algorithm\algorithm\debug\algorithm.tlog\cl.command.1.tlog
c:\users\min chang gyeong\desktop\algorithm_source\algorithm\algorithm\algorithm\debug\algorithm.tlog\cl.read.1.tlog
c:\users\min chang gyeong\desktop\algorithm_source\algorithm\algorithm\algorithm\debug\algorithm.tlog\cl.write.1.tlog
c:\users\min chang gyeong\desktop\algorithm_source\algorithm\algorithm\algorithm\debug\algorithm.tlog\link.command.1.tlog
c:\users\min chang gyeong\desktop\algorithm_source\algorithm\algorithm\algorithm\debug\algorithm.tlog\link.read.1.tlog
c:\users\min chang gyeong\desktop\algorithm_source\algorithm\algorithm\algorithm\debug\algorithm.tlog\link.write.1.tlog
