  0808.cpp
c:\users\min chang gyeong\source\repos\0808\0808\0808.cpp(7): error C2144: 구문 오류: int'은(는) ';' 다음에 와야 합니다.
c:\users\min chang gyeong\source\repos\0808\0808\0808.cpp(7): error C4430: 형식 지정자가 없습니다. int로 가정합니다. 참고: C++에서는 기본 int를 지원하지 않습니다.
c:\users\min chang gyeong\source\repos\0808\0808\0808.cpp(14): error C2144: 구문 오류: void'은(는) ';' 다음에 와야 합니다.
c:\users\min chang gyeong\source\repos\0808\0808\0808.cpp(14): error C4430: 형식 지정자가 없습니다. int로 가정합니다. 참고: C++에서는 기본 int를 지원하지 않습니다.
c:\users\min chang gyeong\source\repos\0808\0808\0808.cpp(14): error C2086: 'int ​': 재정의
  c:\users\min chang gyeong\source\repos\0808\0808\0808.cpp(6): note: '​' 선언을 참조하십시오.
c:\users\min chang gyeong\source\repos\0808\0808\0808.cpp(18): error C2143: 구문 오류: ';'이(가) 'if' 앞에 없습니다.
c:\users\min chang gyeong\source\repos\0808\0808\0808.cpp(21): error C2146: 구문 오류: ';'이(가) 'visited' 식별자 앞에 없습니다.
c:\users\min chang gyeong\source\repos\0808\0808\0808.cpp(23): error C2143: 구문 오류: ';'이(가) 'for' 앞에 없습니다.
c:\users\min chang gyeong\source\repos\0808\0808\0808.cpp(27): error C2146: 구문 오류: ';'이(가) 'dfs' 식별자 앞에 없습니다.
c:\users\min chang gyeong\source\repos\0808\0808\0808.cpp(31): error C2144: 구문 오류: int'은(는) ';' 다음에 와야 합니다.
c:\users\min chang gyeong\source\repos\0808\0808\0808.cpp(31): error C4430: 형식 지정자가 없습니다. int로 가정합니다. 참고: C++에서는 기본 int를 지원하지 않습니다.
c:\users\min chang gyeong\source\repos\0808\0808\0808.cpp(31): error C2086: 'int ​': 재정의
  c:\users\min chang gyeong\source\repos\0808\0808\0808.cpp(6): note: '​' 선언을 참조하십시오.
c:\users\min chang gyeong\source\repos\0808\0808\0808.cpp(42): error C2144: 구문 오류: int'은(는) ';' 다음에 와야 합니다.
c:\users\min chang gyeong\source\repos\0808\0808\0808.cpp(47): error C2143: 구문 오류: ';'이(가) 'for' 앞에 없습니다.
c:\users\min chang gyeong\source\repos\0808\0808\0808.cpp(58): error C2146: 구문 오류: ';'이(가) 'printf' 식별자 앞에 없습니다.
c:\users\min chang gyeong\source\repos\0808\0808\0808.cpp(60): error C2143: 구문 오류: ';'이(가) 'return' 앞에 없습니다.
c:\users\min chang gyeong\source\repos\0808\0808\0808.cpp(33): error C4996: 'scanf': This function or variable may be unsafe. Consider using scanf_s instead. To disable deprecation, use _CRT_SECURE_NO_WARNINGS. See online help for details.
  c:\program files (x86)\windows kits\10\include\10.0.17134.0\ucrt\stdio.h(1274): note: 'scanf' 선언을 참조하십시오.
c:\users\min chang gyeong\source\repos\0808\0808\0808.cpp(36): error C4996: 'scanf': This function or variable may be unsafe. Consider using scanf_s instead. To disable deprecation, use _CRT_SECURE_NO_WARNINGS. See online help for details.
  c:\program files (x86)\windows kits\10\include\10.0.17134.0\ucrt\stdio.h(1274): note: 'scanf' 선언을 참조하십시오.
